<?xml version="1.0" encoding="UTF-8"?>
<testsuite name="com.newton.aaw.rh.HumanResourcesApplicationTests" tests="1" skipped="0" failures="0" errors="0" timestamp="2021-09-13T19:39:20" hostname="DESKTOP-RGQNVP0" time="0.635">
  <properties/>
  <testcase name="contextLoads()" classname="com.newton.aaw.rh.HumanResourcesApplicationTests" time="0.635"/>
  <system-out><![CDATA[16:39:16.727 [Test worker] DEBUG org.springframework.test.context.BootstrapUtils - Instantiating CacheAwareContextLoaderDelegate from class [org.springframework.test.context.cache.DefaultCacheAwareContextLoaderDelegate]
16:39:16.751 [Test worker] DEBUG org.springframework.test.context.BootstrapUtils - Instantiating BootstrapContext using constructor [public org.springframework.test.context.support.DefaultBootstrapContext(java.lang.Class,org.springframework.test.context.CacheAwareContextLoaderDelegate)]
16:39:16.812 [Test worker] DEBUG org.springframework.test.context.BootstrapUtils - Instantiating TestContextBootstrapper for test class [com.newton.aaw.rh.HumanResourcesApplicationTests] from class [org.springframework.boot.test.context.SpringBootTestContextBootstrapper]
16:39:16.844 [Test worker] INFO org.springframework.boot.test.context.SpringBootTestContextBootstrapper - Neither @ContextConfiguration nor @ContextHierarchy found for test class [com.newton.aaw.rh.HumanResourcesApplicationTests], using SpringBootContextLoader
16:39:16.853 [Test worker] DEBUG org.springframework.test.context.support.AbstractContextLoader - Did not detect default resource location for test class [com.newton.aaw.rh.HumanResourcesApplicationTests]: class path resource [com/newton/aaw/rh/HumanResourcesApplicationTests-context.xml] does not exist
16:39:16.854 [Test worker] DEBUG org.springframework.test.context.support.AbstractContextLoader - Did not detect default resource location for test class [com.newton.aaw.rh.HumanResourcesApplicationTests]: class path resource [com/newton/aaw/rh/HumanResourcesApplicationTestsContext.groovy] does not exist
16:39:16.855 [Test worker] INFO org.springframework.test.context.support.AbstractContextLoader - Could not detect default resource locations for test class [com.newton.aaw.rh.HumanResourcesApplicationTests]: no resource found for suffixes {-context.xml, Context.groovy}.
16:39:16.856 [Test worker] INFO org.springframework.test.context.support.AnnotationConfigContextLoaderUtils - Could not detect default configuration classes for test class [com.newton.aaw.rh.HumanResourcesApplicationTests]: HumanResourcesApplicationTests does not declare any static, non-private, non-final, nested classes annotated with @Configuration.
16:39:16.934 [Test worker] DEBUG org.springframework.test.context.support.ActiveProfilesUtils - Could not find an 'annotation declaring class' for annotation type [org.springframework.test.context.ActiveProfiles] and class [com.newton.aaw.rh.HumanResourcesApplicationTests]
16:39:17.056 [Test worker] DEBUG org.springframework.context.annotation.ClassPathScanningCandidateComponentProvider - Identified candidate component class: file [C:\dev\20212-AAW Lab 3\rh\build\classes\java\main\com\newton\aaw\rh\HumanResourcesApplication.class]
16:39:17.059 [Test worker] INFO org.springframework.boot.test.context.SpringBootTestContextBootstrapper - Found @SpringBootConfiguration com.newton.aaw.rh.HumanResourcesApplication for test class com.newton.aaw.rh.HumanResourcesApplicationTests
16:39:17.273 [Test worker] DEBUG org.springframework.boot.test.context.SpringBootTestContextBootstrapper - @TestExecutionListeners is not present for class [com.newton.aaw.rh.HumanResourcesApplicationTests]: using defaults.
16:39:17.274 [Test worker] INFO org.springframework.boot.test.context.SpringBootTestContextBootstrapper - Loaded default TestExecutionListener class names from location [META-INF/spring.factories]: [org.springframework.boot.test.autoconfigure.restdocs.RestDocsTestExecutionListener, org.springframework.boot.test.autoconfigure.web.client.MockRestServiceServerResetTestExecutionListener, org.springframework.boot.test.autoconfigure.web.servlet.MockMvcPrintOnlyOnFailureTestExecutionListener, org.springframework.boot.test.autoconfigure.web.servlet.WebDriverTestExecutionListener, org.springframework.boot.test.autoconfigure.webservices.client.MockWebServiceServerTestExecutionListener, org.springframework.boot.test.mock.mockito.MockitoTestExecutionListener, org.springframework.boot.test.mock.mockito.ResetMocksTestExecutionListener, org.springframework.test.context.web.ServletTestExecutionListener, org.springframework.test.context.support.DirtiesContextBeforeModesTestExecutionListener, org.springframework.test.context.event.ApplicationEventsTestExecutionListener, org.springframework.test.context.support.DependencyInjectionTestExecutionListener, org.springframework.test.context.support.DirtiesContextTestExecutionListener, org.springframework.test.context.transaction.TransactionalTestExecutionListener, org.springframework.test.context.jdbc.SqlScriptsTestExecutionListener, org.springframework.test.context.event.EventPublishingTestExecutionListener]
16:39:17.300 [Test worker] DEBUG org.springframework.boot.test.context.SpringBootTestContextBootstrapper - Skipping candidate TestExecutionListener [org.springframework.test.context.transaction.TransactionalTestExecutionListener] due to a missing dependency. Specify custom listener classes or make the default listener classes and their required dependencies available. Offending class: [org/springframework/transaction/interceptor/TransactionAttributeSource]
16:39:17.305 [Test worker] DEBUG org.springframework.boot.test.context.SpringBootTestContextBootstrapper - Skipping candidate TestExecutionListener [org.springframework.test.context.jdbc.SqlScriptsTestExecutionListener] due to a missing dependency. Specify custom listener classes or make the default listener classes and their required dependencies available. Offending class: [org/springframework/transaction/interceptor/TransactionAttribute]
16:39:17.305 [Test worker] INFO org.springframework.boot.test.context.SpringBootTestContextBootstrapper - Using TestExecutionListeners: [org.springframework.test.context.web.ServletTestExecutionListener@d7e7b80, org.springframework.test.context.support.DirtiesContextBeforeModesTestExecutionListener@811638, org.springframework.test.context.event.ApplicationEventsTestExecutionListener@6d044df6, org.springframework.boot.test.mock.mockito.MockitoTestExecutionListener@6302cc03, org.springframework.boot.test.autoconfigure.SpringBootDependencyInjectionTestExecutionListener@1d5e0998, org.springframework.test.context.support.DirtiesContextTestExecutionListener@15e6ecdd, org.springframework.test.context.event.EventPublishingTestExecutionListener@5ac2686a, org.springframework.boot.test.autoconfigure.restdocs.RestDocsTestExecutionListener@2f55c5e5, org.springframework.boot.test.autoconfigure.web.client.MockRestServiceServerResetTestExecutionListener@42aa1b5e, org.springframework.boot.test.autoconfigure.web.servlet.MockMvcPrintOnlyOnFailureTestExecutionListener@608887d2, org.springframework.boot.test.autoconfigure.web.servlet.WebDriverTestExecutionListener@29c03291, org.springframework.boot.test.autoconfigure.webservices.client.MockWebServiceServerTestExecutionListener@283bb0a1, org.springframework.boot.test.mock.mockito.ResetMocksTestExecutionListener@3ad92e13]
16:39:17.329 [Test worker] DEBUG org.springframework.test.context.support.AbstractDirtiesContextTestExecutionListener - Before test class: context [DefaultTestContext@3e59960b testClass = HumanResourcesApplicationTests, testInstance = [null], testMethod = [null], testException = [null], mergedContextConfiguration = [WebMergedContextConfiguration@6a0b427 testClass = HumanResourcesApplicationTests, locations = '{}', classes = '{class com.newton.aaw.rh.HumanResourcesApplication}', contextInitializerClasses = '[]', activeProfiles = '{}', propertySourceLocations = '{}', propertySourceProperties = '{org.springframework.boot.test.context.SpringBootTestContextBootstrapper=true}', contextCustomizers = set[org.springframework.boot.test.autoconfigure.actuate.metrics.MetricsExportContextCustomizerFactory$DisableMetricExportContextCustomizer@5ea9663e, org.springframework.boot.test.autoconfigure.properties.PropertyMappingContextCustomizer@0, org.springframework.boot.test.autoconfigure.web.servlet.WebDriverContextCustomizerFactory$Customizer@2b786cbb, org.springframework.boot.test.context.filter.ExcludeFilterContextCustomizer@3ba16ef2, org.springframework.boot.test.json.DuplicateJsonObjectContextCustomizerFactory$DuplicateJsonObjectContextCustomizer@7253ccf, org.springframework.boot.test.mock.mockito.MockitoContextCustomizer@0, org.springframework.boot.test.web.client.TestRestTemplateContextCustomizer@121f3004, org.springframework.boot.test.context.SpringBootTestArgs@1, org.springframework.boot.test.context.SpringBootTestWebEnvironment@3ae744a1], resourceBasePath = 'src/main/webapp', contextLoader = 'org.springframework.boot.test.context.SpringBootContextLoader', parent = [null]], attributes = map['org.springframework.test.context.web.ServletTestExecutionListener.activateListener' -> true]], class annotated with @DirtiesContext [false] with mode [null].
16:39:17.393 [Test worker] DEBUG org.springframework.test.context.support.TestPropertySourceUtils - Adding inlined properties to environment: {spring.jmx.enabled=false, org.springframework.boot.test.context.SpringBootTestContextBootstrapper=true}

  .   ____          _            __ _ _
 /\\ / ___'_ __ _ _(_)_ __  __ _ \ \ \ \
( ( )\___ | '_ | '_| | '_ \/ _` | \ \ \ \
 \\/  ___)| |_)| | | | | || (_| |  ) ) ) )
  '  |____| .__|_| |_|_| |_\__, | / / / /
 =========|_|==============|___/=/_/_/_/
 :: Spring Boot ::                (v2.5.4)

2021-09-13 16:39:17.892  INFO 3588 --- [    Test worker] c.n.a.rh.HumanResourcesApplicationTests  : Starting HumanResourcesApplicationTests using Java 11.0.12 on DESKTOP-RGQNVP0 with PID 3588 (started by Thalles in C:\dev\20212-AAW Lab 3\rh)
2021-09-13 16:39:17.896  INFO 3588 --- [    Test worker] c.n.a.rh.HumanResourcesApplicationTests  : No active profile set, falling back to default profiles: default
2021-09-13 16:39:20.570  INFO 3588 --- [    Test worker] c.n.a.rh.HumanResourcesApplicationTests  : Started HumanResourcesApplicationTests in 3.162 seconds (JVM running for 5.712)
]]></system-out>
  <system-err><![CDATA[]]></system-err>
</testsuite>
